<?xml version="1.0" encoding="UTF-8"?>
<!-- Generated by org.testng.reporters.JUnitReportReporter -->
<testsuite hostname="Chandra" failures="0" tests="3" name="com.crm.qa.paralleltests.TestClass3" time="0.004" errors="0" timestamp="2025-07-26T14:54:02 PDT" skipped="0">
  <testcase classname="com.crm.qa.paralleltests.TestClass3" name="testMethod9" time="0.001"/>
  <testcase classname="com.crm.qa.paralleltests.TestClass3" name="testMethod10" time="0.002"/>
  <testcase classname="com.crm.qa.paralleltests.TestClass3" name="testMethod8" time="0.001"/>
</testsuite> <!-- com.crm.qa.paralleltests.TestClass3 -->
