<?xml version="1.0" encoding="UTF-8"?>
<!-- Generated by org.testng.reporters.JUnitReportReporter -->
<testsuite hostname="Chandra" failures="0" tests="1" name="com.gorest.tests.GoTestUserTest" time="12.283" errors="0" timestamp="2025-08-03T15:46:07 PDT" skipped="0">
  <testcase classname="com.gorest.tests.GoTestUserTest" name="CreateUserAPI" time="12.283"/>
</testsuite> <!-- com.gorest.tests.GoTestUserTest -->
