<?xml version="1.0" encoding="UTF-8"?>
<!-- Generated by org.testng.reporters.JUnitReportReporter -->
<testsuite hostname="Chandra" failures="0" tests="4" name="com.crm.qa.testcases.LoginPageTest" time="2.592" errors="0" timestamp="2025-07-26T12:50:15 PDT" skipped="0">
  <testcase classname="com.crm.qa.testcases.LoginPageTest" name="loginPageTitle" time="0.082"/>
  <testcase classname="com.crm.qa.testcases.LoginPageTest" name="registerBtnExists" time="0.141"/>
  <testcase classname="com.crm.qa.testcases.LoginPageTest" name="userRegister" time="0.020"/>
  <testcase classname="com.crm.qa.testcases.LoginPageTest" name="loginUser" time="2.349"/>
</testsuite> <!-- com.crm.qa.testcases.LoginPageTest -->
