<?xml version="1.0" encoding="UTF-8"?>
<!-- Generated by org.testng.reporters.JUnitReportReporter -->
<testsuite hostname="Chandra" failures="0" tests="4" name="com.crm.qa.paralleltests.TestClass1" time="0.026" errors="0" timestamp="2025-07-26T14:54:02 PDT" skipped="0">
  <testcase classname="com.crm.qa.paralleltests.TestClass1" name="testMethod1" time="0.012"/>
  <testcase classname="com.crm.qa.paralleltests.TestClass1" name="testMethod3" time="0.001"/>
  <testcase classname="com.crm.qa.paralleltests.TestClass1" name="testMethod4" time="0.001"/>
  <testcase classname="com.crm.qa.paralleltests.TestClass1" name="testMethod2" time="0.012"/>
</testsuite> <!-- com.crm.qa.paralleltests.TestClass1 -->
