<?xml version="1.0" encoding="UTF-8"?>
<!-- Generated by org.testng.reporters.JUnitReportReporter -->
<testsuite hostname="Chandra" failures="0" tests="3" name="com.crm.qa.paralleltests.TestClass2" time="0.003" errors="0" timestamp="2025-07-26T14:54:02 PDT" skipped="0">
  <testcase classname="com.crm.qa.paralleltests.TestClass2" name="testMethod5" time="0.001"/>
  <testcase classname="com.crm.qa.paralleltests.TestClass2" name="testMethod6" time="0.001"/>
  <testcase classname="com.crm.qa.paralleltests.TestClass2" name="testMethod7" time="0.001"/>
</testsuite> <!-- com.crm.qa.paralleltests.TestClass2 -->
