<?xml version="1.0" encoding="UTF-8"?>
<!-- Generated by org.testng.reporters.JUnitReportReporter -->
<testsuite hostname="Chandra" failures="0" tests="3" name="com.crm.qa.testcases.RegisterTest" time="68.318" errors="0" timestamp="2025-07-26T12:50:15 PDT" skipped="0">
  <testcase classname="com.crm.qa.testcases.RegisterTest" name="RegisterUser" time="13.990"/>
  <testcase classname="com.crm.qa.testcases.RegisterTest" name="RegisterUser" time="41.919"/>
  <testcase classname="com.crm.qa.testcases.RegisterTest" name="RegisterUser" time="12.409"/>
</testsuite> <!-- com.crm.qa.testcases.RegisterTest -->
